Base path: '/Applications/Unity/Unity.app/Contents', plugins path '/Applications/Unity/Unity.app/Contents/PlaybackEngines'
Cmd: initializeCompiler
Cmd: compileComputeKernel
  api=14 insize=18731 outsize=11447 ok=1
Cmd: compileComputeKernel
  api=14 insize=1226 outsize=1348 ok=1
Cmd: compileComputeKernel
  api=14 insize=12109 outsize=3227 ok=1
Cmd: compileComputeKernel
  api=14 insize=12109 outsize=3204 ok=1
Cmd: translateComputeKernel
  api=14 insize=3869 outsize=4342 ok=1
Cmd: compileComputeKernel
  api=14 insize=11985 outsize=3293 ok=1
Cmd: compileComputeKernel
  api=14 insize=11985 outsize=3004 ok=1
Cmd: translateComputeKernel
  api=14 insize=2927 outsize=3392 ok=1
Cmd: translateComputeKernel
  api=14 insize=2952 outsize=3432 ok=1
Cmd: compileComputeKernel
  api=14 insize=18301 outsize=4787 ok=1
Cmd: translateComputeKernel
  api=14 insize=5117 outsize=8333 ok=1
Cmd: compileComputeKernel
  api=14 insize=11176 outsize=11445 ok=1
Cmd: compileComputeKernel
  api=14 insize=66874 outsize=5415 ok=1
Cmd: compileComputeKernel
  api=14 insize=66874 outsize=3799 ok=1
Cmd: compileComputeKernel
  api=14 insize=66874 outsize=3416 ok=1
Cmd: compileComputeKernel
  api=14 insize=66874 outsize=3652 ok=1
Cmd: compileComputeKernel
  api=14 insize=66874 outsize=4093 ok=1
Cmd: compileComputeKernel
  api=14 insize=66874 outsize=4051 ok=1
Cmd: compileComputeKernel
  api=14 insize=66874 outsize=4206 ok=1
Cmd: compileComputeKernel
  api=14 insize=66874 outsize=4229 ok=1
Cmd: compileComputeKernel
  api=14 insize=66874 outsize=4142 ok=1
Cmd: compileComputeKernel
  api=14 insize=66874 outsize=4749 ok=1
Cmd: translateComputeKernel
  api=14 insize=5415 outsize=6119 ok=1
Cmd: translateComputeKernel
  api=14 insize=4443 outsize=4333 ok=1
Cmd: translateComputeKernel
  api=14 insize=4548 outsize=4309 ok=1
Cmd: translateComputeKernel
  api=14 insize=4137 outsize=3751 ok=1
Cmd: translateComputeKernel
  api=14 insize=4444 outsize=4297 ok=1
Cmd: translateComputeKernel
  api=14 insize=4142 outsize=3785 ok=1
Cmd: translateComputeKernel
  api=14 insize=4097 outsize=3709 ok=1
Cmd: translateComputeKernel
  api=14 insize=4698 outsize=4961 ok=1
Cmd: translateComputeKernel
  api=14 insize=4727 outsize=5004 ok=1
Cmd: translateComputeKernel
  api=14 insize=4154 outsize=3872 ok=1
Cmd: translateComputeKernel
  api=14 insize=5650 outsize=7040 ok=1
Cmd: translateComputeKernel
  api=14 insize=5284 outsize=5879 ok=1
Cmd: compileComputeKernel
  api=14 insize=72903 outsize=5039 ok=1
Cmd: compileComputeKernel
  api=14 insize=34089 outsize=2247 ok=1
Cmd: compileComputeKernel
  api=14 insize=34089 outsize=2382 ok=1
Cmd: compileComputeKernel
  api=14 insize=34089 outsize=2277 ok=1
Cmd: compileComputeKernel
  api=14 insize=34089 outsize=2283 ok=1
Cmd: compileComputeKernel
  api=14 insize=34089 outsize=3019 ok=1
Cmd: compileComputeKernel
  api=14 insize=34089 outsize=2808 ok=1
Cmd: compileComputeKernel
  api=14 insize=34089 outsize=2733 ok=1
Cmd: translateComputeKernel
  api=14 insize=2404 outsize=2143 ok=1
Cmd: translateComputeKernel
  api=14 insize=2438 outsize=2187 ok=1
Cmd: translateComputeKernel
  api=14 insize=2492 outsize=2252 ok=1
Cmd: translateComputeKernel
  api=14 insize=2396 outsize=2107 ok=1
Cmd: translateComputeKernel
  api=14 insize=2954 outsize=3198 ok=1
Cmd: translateComputeKernel
  api=14 insize=3002 outsize=3287 ok=1
Cmd: translateComputeKernel
  api=14 insize=2962 outsize=3232 ok=1
Cmd: translateComputeKernel
  api=14 insize=2972 outsize=3237 ok=1
Cmd: compileComputeKernel
  api=14 insize=79248 outsize=15948 ok=1
Cmd: translateComputeKernel
  api=14 insize=9142 outsize=17558 ok=1
Cmd: translateComputeKernel
  api=14 insize=5858 outsize=9649 ok=1
Cmd: translateComputeKernel
  api=14 insize=4542 outsize=6954 ok=1
Cmd: translateComputeKernel
  api=14 insize=5183 outsize=8967 ok=1
Cmd: translateComputeKernel
  api=14 insize=14277 outsize=27203 ok=1
Cmd: compileComputeKernel
  api=14 insize=4442 outsize=2713 ok=1
