Base path: '/Applications/Unity/Unity.app/Contents', plugins path '/Applications/Unity/Unity.app/Contents/PlaybackEngines'
Cmd: initializeCompiler
Cmd: compileComputeKernel
  api=14 insize=18731 outsize=11294 ok=1
Cmd: translateComputeKernel
  api=14 insize=9370 outsize=16172 ok=1
Cmd: compileComputeKernel
  api=14 insize=12109 outsize=2827 ok=1
Cmd: compileComputeKernel
  api=14 insize=12109 outsize=4103 ok=1
Cmd: translateComputeKernel
  api=14 insize=3829 outsize=4279 ok=1
Cmd: compileComputeKernel
  api=14 insize=11985 outsize=2853 ok=1
Cmd: compileComputeKernel
  api=14 insize=11985 outsize=2887 ok=1
Cmd: translateComputeKernel
  api=14 insize=2927 outsize=3392 ok=1
Cmd: translateComputeKernel
  api=14 insize=2957 outsize=3438 ok=1
Cmd: compileComputeKernel
  api=14 insize=18301 outsize=4651 ok=1
Cmd: translateComputeKernel
  api=14 insize=4909 outsize=8028 ok=1
Cmd: translateComputeKernel
  api=14 insize=48467 outsize=85198 ok=1
Cmd: compileComputeKernel
  api=14 insize=66874 outsize=4611 ok=1
Cmd: compileComputeKernel
  api=14 insize=66874 outsize=3593 ok=1
Cmd: compileComputeKernel
  api=14 insize=66874 outsize=3779 ok=1
Cmd: compileComputeKernel
  api=14 insize=66874 outsize=3417 ok=1
Cmd: compileComputeKernel
  api=14 insize=66874 outsize=3652 ok=1
Cmd: compileComputeKernel
  api=14 insize=66874 outsize=3443 ok=1
Cmd: compileComputeKernel
  api=14 insize=66874 outsize=3496 ok=1
Cmd: compileComputeKernel
  api=14 insize=66874 outsize=4051 ok=1
Cmd: compileComputeKernel
  api=14 insize=66874 outsize=4081 ok=1
Cmd: compileComputeKernel
  api=14 insize=66874 outsize=3433 ok=1
Cmd: compileComputeKernel
  api=14 insize=66874 outsize=3912 ok=1
Cmd: translateComputeKernel
  api=14 insize=5598 outsize=6685 ok=1
Cmd: translateComputeKernel
  api=14 insize=4244 outsize=4124 ok=1
Cmd: translateComputeKernel
  api=14 insize=4364 outsize=4125 ok=1
Cmd: translateComputeKernel
  api=14 insize=4495 outsize=4366 ok=1
Cmd: translateComputeKernel
  api=14 insize=4707 outsize=4852 ok=1
Cmd: translateComputeKernel
  api=14 insize=4702 outsize=4964 ok=1
Cmd: translateComputeKernel
  api=14 insize=4735 outsize=5013 ok=1
Cmd: translateComputeKernel
  api=14 insize=4139 outsize=3758 ok=1
Cmd: translateComputeKernel
  api=14 insize=4207 outsize=3994 ok=1
Cmd: translateComputeKernel
  api=14 insize=4565 outsize=4496 ok=1
Cmd: translateComputeKernel
  api=14 insize=5176 outsize=5646 ok=1
Cmd: compileComputeKernel
  api=14 insize=34089 outsize=1156 ok=1
Cmd: compileComputeKernel
  api=14 insize=34089 outsize=2278 ok=1
Cmd: compileComputeKernel
  api=14 insize=34089 outsize=2221 ok=1
Cmd: compileComputeKernel
  api=14 insize=34089 outsize=2309 ok=1
Cmd: compileComputeKernel
  api=14 insize=34089 outsize=2709 ok=1
Cmd: compileComputeKernel
  api=14 insize=34089 outsize=2818 ok=1
Cmd: compileComputeKernel
  api=14 insize=34089 outsize=2720 ok=1
Cmd: compileComputeKernel
  api=14 insize=34089 outsize=3090 ok=1
Cmd: translateComputeKernel
  api=14 insize=2347 outsize=2054 ok=1
Cmd: translateComputeKernel
  api=14 insize=2486 outsize=2276 ok=1
Cmd: translateComputeKernel
  api=14 insize=2428 outsize=2185 ok=1
Cmd: translateComputeKernel
  api=14 insize=2862 outsize=3276 ok=1
Cmd: translateComputeKernel
  api=14 insize=3002 outsize=3287 ok=1
Cmd: translateComputeKernel
  api=14 insize=2944 outsize=3196 ok=1
Cmd: translateComputeKernel
  api=14 insize=2938 outsize=3356 ok=1
Cmd: compileComputeKernel
  api=14 insize=79248 outsize=28414 ok=1
Cmd: translateComputeKernel
  api=14 insize=9346 outsize=17944 ok=1
Cmd: translateComputeKernel
  api=14 insize=5858 outsize=9675 ok=1
Cmd: translateComputeKernel
  api=14 insize=4542 outsize=6951 ok=1
Cmd: translateComputeKernel
  api=14 insize=3078 outsize=3520 ok=1
Cmd: translateComputeKernel
  api=14 insize=3482 outsize=4521 ok=1
Cmd: translateComputeKernel
  api=14 insize=6831 outsize=10531 ok=1
Cmd: compileComputeKernel
  api=14 insize=4442 outsize=2858 ok=1
Cmd: compileComputeKernel
  api=14 insize=1900 outsize=4426 ok=1
Cmd: translateComputeKernel
  api=14 insize=4426 outsize=7756 ok=1

Quitting shader compiler process
